

Started GET "/" for 41.233.62.156 at 2015-02-25 22:19:42 +0000

ActiveRecord::PendingMigrationError (

Migrations are pending. To resolve this issue, run:

	bin/rake db:migrate RAILS_ENV=development

):
  activerecord (4.1.6) lib/active_record/migration.rb:389:in `check_pending!'
  activerecord (4.1.6) lib/active_record/migration.rb:377:in `call'
  actionpack (4.1.6) lib/action_dispatch/middleware/callbacks.rb:29:in `block in call'
  activesupport (4.1.6) lib/active_support/callbacks.rb:82:in `run_callbacks'
  actionpack (4.1.6) lib/action_dispatch/middleware/callbacks.rb:27:in `call'
  actionpack (4.1.6) lib/action_dispatch/middleware/reloader.rb:73:in `call'
  actionpack (4.1.6) lib/action_dispatch/middleware/remote_ip.rb:76:in `call'
  actionpack (4.1.6) lib/action_dispatch/middleware/debug_exceptions.rb:17:in `call'
  actionpack (4.1.6) lib/action_dispatch/middleware/show_exceptions.rb:30:in `call'
  railties (4.1.6) lib/rails/rack/logger.rb:38:in `call_app'
  railties (4.1.6) lib/rails/rack/logger.rb:20:in `block in call'
  activesupport (4.1.6) lib/active_support/tagged_logging.rb:68:in `block in tagged'
  activesupport (4.1.6) lib/active_support/tagged_logging.rb:26:in `tagged'
  activesupport (4.1.6) lib/active_support/tagged_logging.rb:68:in `tagged'
  railties (4.1.6) lib/rails/rack/logger.rb:20:in `call'
  actionpack (4.1.6) lib/action_dispatch/middleware/request_id.rb:21:in `call'
  rack (1.5.2) lib/rack/methodoverride.rb:21:in `call'
  rack (1.5.2) lib/rack/runtime.rb:17:in `call'
  activesupport (4.1.6) lib/active_support/cache/strategy/local_cache_middleware.rb:26:in `call'
  rack (1.5.2) lib/rack/lock.rb:17:in `call'
  actionpack (4.1.6) lib/action_dispatch/middleware/static.rb:64:in `call'
  rack (1.5.2) lib/rack/sendfile.rb:112:in `call'
  railties (4.1.6) lib/rails/engine.rb:514:in `call'
  railties (4.1.6) lib/rails/application.rb:144:in `call'
  rack (1.5.2) lib/rack/lock.rb:17:in `call'
  rack (1.5.2) lib/rack/content_length.rb:14:in `call'
  rack (1.5.2) lib/rack/handler/webrick.rb:60:in `service'
  /usr/local/rvm/rubies/ruby-2.1.5/lib/ruby/2.1.0/webrick/httpserver.rb:138:in `service'
  /usr/local/rvm/rubies/ruby-2.1.5/lib/ruby/2.1.0/webrick/httpserver.rb:94:in `run'
  /usr/local/rvm/rubies/ruby-2.1.5/lib/ruby/2.1.0/webrick/server.rb:295:in `block in start_thread'


  Rendered /usr/local/rvm/gems/ruby-2.1.5@rails4/gems/actionpack-4.1.6/lib/action_dispatch/middleware/templates/rescues/_source.erb (0.6ms)
  Rendered /usr/local/rvm/gems/ruby-2.1.5@rails4/gems/actionpack-4.1.6/lib/action_dispatch/middleware/templates/rescues/_trace.html.erb (1.1ms)
  Rendered /usr/local/rvm/gems/ruby-2.1.5@rails4/gems/actionpack-4.1.6/lib/action_dispatch/middleware/templates/rescues/_request_and_response.html.erb (1.1ms)
  Rendered /usr/local/rvm/gems/ruby-2.1.5@rails4/gems/actionpack-4.1.6/lib/action_dispatch/middleware/templates/rescues/diagnostics.erb within rescues/layout (40.4ms)


Started GET "/" for 41.233.62.156 at 2015-02-25 22:21:29 +0000

ActiveRecord::PendingMigrationError (

Migrations are pending. To resolve this issue, run:

	bin/rake db:migrate RAILS_ENV=development

):
  activerecord (4.1.6) lib/active_record/migration.rb:389:in `check_pending!'
  activerecord (4.1.6) lib/active_record/migration.rb:377:in `call'
  actionpack (4.1.6) lib/action_dispatch/middleware/callbacks.rb:29:in `block in call'
  activesupport (4.1.6) lib/active_support/callbacks.rb:82:in `run_callbacks'
  actionpack (4.1.6) lib/action_dispatch/middleware/callbacks.rb:27:in `call'
  actionpack (4.1.6) lib/action_dispatch/middleware/reloader.rb:73:in `call'
  actionpack (4.1.6) lib/action_dispatch/middleware/remote_ip.rb:76:in `call'
  actionpack (4.1.6) lib/action_dispatch/middleware/debug_exceptions.rb:17:in `call'
  actionpack (4.1.6) lib/action_dispatch/middleware/show_exceptions.rb:30:in `call'
  railties (4.1.6) lib/rails/rack/logger.rb:38:in `call_app'
  railties (4.1.6) lib/rails/rack/logger.rb:20:in `block in call'
  activesupport (4.1.6) lib/active_support/tagged_logging.rb:68:in `block in tagged'
  activesupport (4.1.6) lib/active_support/tagged_logging.rb:26:in `tagged'
  activesupport (4.1.6) lib/active_support/tagged_logging.rb:68:in `tagged'
  railties (4.1.6) lib/rails/rack/logger.rb:20:in `call'
  actionpack (4.1.6) lib/action_dispatch/middleware/request_id.rb:21:in `call'
  rack (1.5.2) lib/rack/methodoverride.rb:21:in `call'
  rack (1.5.2) lib/rack/runtime.rb:17:in `call'
  activesupport (4.1.6) lib/active_support/cache/strategy/local_cache_middleware.rb:26:in `call'
  rack (1.5.2) lib/rack/lock.rb:17:in `call'
  actionpack (4.1.6) lib/action_dispatch/middleware/static.rb:64:in `call'
  rack (1.5.2) lib/rack/sendfile.rb:112:in `call'
  railties (4.1.6) lib/rails/engine.rb:514:in `call'
  railties (4.1.6) lib/rails/application.rb:144:in `call'
  rack (1.5.2) lib/rack/lock.rb:17:in `call'
  rack (1.5.2) lib/rack/content_length.rb:14:in `call'
  rack (1.5.2) lib/rack/handler/webrick.rb:60:in `service'
  /usr/local/rvm/rubies/ruby-2.1.5/lib/ruby/2.1.0/webrick/httpserver.rb:138:in `service'
  /usr/local/rvm/rubies/ruby-2.1.5/lib/ruby/2.1.0/webrick/httpserver.rb:94:in `run'
  /usr/local/rvm/rubies/ruby-2.1.5/lib/ruby/2.1.0/webrick/server.rb:295:in `block in start_thread'


  Rendered /usr/local/rvm/gems/ruby-2.1.5@rails4/gems/actionpack-4.1.6/lib/action_dispatch/middleware/templates/rescues/_source.erb (0.6ms)
  Rendered /usr/local/rvm/gems/ruby-2.1.5@rails4/gems/actionpack-4.1.6/lib/action_dispatch/middleware/templates/rescues/_trace.html.erb (1.1ms)
  Rendered /usr/local/rvm/gems/ruby-2.1.5@rails4/gems/actionpack-4.1.6/lib/action_dispatch/middleware/templates/rescues/_request_and_response.html.erb (1.1ms)
  Rendered /usr/local/rvm/gems/ruby-2.1.5@rails4/gems/actionpack-4.1.6/lib/action_dispatch/middleware/templates/rescues/diagnostics.erb within rescues/layout (35.7ms)
  [1m[36m (12.8ms)[0m  [1mCREATE TABLE "schema_migrations" ("version" varchar(255) NOT NULL) [0m
  [1m[35m (0.2ms)[0m  select sqlite_version(*)
  [1m[36m (10.2ms)[0m  [1mCREATE UNIQUE INDEX "unique_schema_migrations" ON "schema_migrations" ("version")[0m
  [1m[35mActiveRecord::SchemaMigration Load (0.2ms)[0m  SELECT "schema_migrations".* FROM "schema_migrations"
Migrating to CreateArticles (20150222204517)
  [1m[36m (0.1ms)[0m  [1mbegin transaction[0m
  [1m[35m (0.7ms)[0m  CREATE TABLE "articles" ("id" INTEGER PRIMARY KEY AUTOINCREMENT NOT NULL, "title" varchar(255), "text" text, "created_at" datetime, "updated_at" datetime) 
  [1m[36mSQL (0.2ms)[0m  [1mINSERT INTO "schema_migrations" ("version") VALUES (?)[0m  [["version", "20150222204517"]]
  [1m[35m (18.0ms)[0m  commit transaction
Migrating to CreateComments (20150222211148)
  [1m[36m (0.1ms)[0m  [1mbegin transaction[0m
  [1m[35m (1.4ms)[0m  CREATE TABLE "comments" ("id" INTEGER PRIMARY KEY AUTOINCREMENT NOT NULL, "commenter" varchar(255), "body" text, "article_id" integer, "created_at" datetime, "updated_at" datetime) 
  [1m[36m (0.2ms)[0m  [1mCREATE  INDEX "index_comments_on_article_id" ON "comments" ("article_id")[0m
  [1m[35mSQL (0.1ms)[0m  INSERT INTO "schema_migrations" ("version") VALUES (?)  [["version", "20150222211148"]]
  [1m[36m (10.6ms)[0m  [1mcommit transaction[0m
  [1m[35mActiveRecord::SchemaMigration Load (0.1ms)[0m  SELECT "schema_migrations".* FROM "schema_migrations"
  [1m[36m (0.2ms)[0m  [1m            SELECT sql
            FROM sqlite_master
            WHERE name='index_comments_on_article_id' AND type='index'
            UNION ALL
            SELECT sql
            FROM sqlite_temp_master
            WHERE name='index_comments_on_article_id' AND type='index'
[0m


Started GET "/" for 41.233.62.156 at 2015-02-25 22:22:10 +0000
  [1m[36mActiveRecord::SchemaMigration Load (0.2ms)[0m  [1mSELECT "schema_migrations".* FROM "schema_migrations"[0m
Processing by WelcomeController#index as HTML
  Rendered welcome/index.html.erb within layouts/application (1.9ms)
Completed 200 OK in 1975ms (Views: 1963.7ms | ActiveRecord: 0.0ms)


Started GET "/assets/articles.css?body=1" for 41.233.62.156 at 2015-02-25 22:22:12 +0000


Started GET "/assets/jquery_ujs.js?body=1" for 41.233.62.156 at 2015-02-25 22:22:13 +0000


Started GET "/assets/comments.css?body=1" for 41.233.62.156 at 2015-02-25 22:22:13 +0000


Started GET "/assets/welcome.css?body=1" for 41.233.62.156 at 2015-02-25 22:22:13 +0000


Started GET "/assets/application.css?body=1" for 41.233.62.156 at 2015-02-25 22:22:13 +0000


Started GET "/assets/turbolinks.js?body=1" for 41.233.62.156 at 2015-02-25 22:22:13 +0000


Started GET "/assets/articles.js?body=1" for 41.233.62.156 at 2015-02-25 22:22:13 +0000


Started GET "/assets/comments.js?body=1" for 41.233.62.156 at 2015-02-25 22:22:13 +0000


Started GET "/assets/welcome.js?body=1" for 41.233.62.156 at 2015-02-25 22:22:13 +0000


Started GET "/assets/application.js?body=1" for 41.233.62.156 at 2015-02-25 22:22:13 +0000


Started GET "/assets/jquery.js?body=1" for 41.233.62.156 at 2015-02-25 22:22:13 +0000


Started GET "/" for 41.233.62.156 at 2015-02-25 22:23:01 +0000
Processing by WelcomeController#index as HTML
  Rendered welcome/index.html.erb within layouts/application (0.2ms)
Completed 200 OK in 105ms (Views: 102.2ms | ActiveRecord: 0.0ms)


Started GET "/assets/articles.css?body=1" for 41.233.62.156 at 2015-02-25 22:23:01 +0000


Started GET "/assets/comments.css?body=1" for 41.233.62.156 at 2015-02-25 22:23:01 +0000


Started GET "/assets/welcome.css?body=1" for 41.233.62.156 at 2015-02-25 22:23:01 +0000


Started GET "/assets/application.css?body=1" for 41.233.62.156 at 2015-02-25 22:23:01 +0000


Started GET "/assets/jquery_ujs.js?body=1" for 41.233.62.156 at 2015-02-25 22:23:01 +0000


Started GET "/assets/turbolinks.js?body=1" for 41.233.62.156 at 2015-02-25 22:23:01 +0000


Started GET "/assets/articles.js?body=1" for 41.233.62.156 at 2015-02-25 22:23:01 +0000


Started GET "/assets/comments.js?body=1" for 41.233.62.156 at 2015-02-25 22:23:01 +0000


Started GET "/assets/welcome.js?body=1" for 41.233.62.156 at 2015-02-25 22:23:01 +0000


Started GET "/assets/application.js?body=1" for 41.233.62.156 at 2015-02-25 22:23:01 +0000


Started GET "/assets/jquery.js?body=1" for 41.233.62.156 at 2015-02-25 22:23:01 +0000


Started GET "/" for 41.233.62.156 at 2015-02-25 22:23:26 +0000
  [1m[36mActiveRecord::SchemaMigration Load (0.1ms)[0m  [1mSELECT "schema_migrations".* FROM "schema_migrations"[0m
Processing by WelcomeController#index as HTML
  Rendered welcome/index.html.erb within layouts/application (1.8ms)
Completed 200 OK in 250ms (Views: 239.5ms | ActiveRecord: 0.0ms)


Started GET "/assets/articles.css?body=1" for 41.233.62.156 at 2015-02-25 22:23:26 +0000


Started GET "/assets/comments.css?body=1" for 41.233.62.156 at 2015-02-25 22:23:26 +0000


Started GET "/assets/welcome.css?body=1" for 41.233.62.156 at 2015-02-25 22:23:26 +0000


Started GET "/assets/application.css?body=1" for 41.233.62.156 at 2015-02-25 22:23:26 +0000


Started GET "/assets/jquery_ujs.js?body=1" for 41.233.62.156 at 2015-02-25 22:23:27 +0000


Started GET "/assets/turbolinks.js?body=1" for 41.233.62.156 at 2015-02-25 22:23:27 +0000


Started GET "/assets/articles.js?body=1" for 41.233.62.156 at 2015-02-25 22:23:27 +0000


Started GET "/assets/comments.js?body=1" for 41.233.62.156 at 2015-02-25 22:23:27 +0000


Started GET "/assets/welcome.js?body=1" for 41.233.62.156 at 2015-02-25 22:23:27 +0000


Started GET "/assets/application.js?body=1" for 41.233.62.156 at 2015-02-25 22:23:27 +0000


Started GET "/assets/jquery.js?body=1" for 41.233.62.156 at 2015-02-25 22:23:27 +0000


Started GET "/" for 41.233.62.156 at 2015-02-25 22:24:29 +0000
  [1m[36mActiveRecord::SchemaMigration Load (0.2ms)[0m  [1mSELECT "schema_migrations".* FROM "schema_migrations"[0m
Processing by WelcomeController#index as HTML
  Rendered welcome/index.html within layouts/application (3.8ms)
Completed 200 OK in 151ms (Views: 139.3ms | ActiveRecord: 0.0ms)


Started GET "/assets/articles.css?body=1" for 41.233.62.156 at 2015-02-25 22:24:29 +0000


Started GET "/assets/comments.css?body=1" for 41.233.62.156 at 2015-02-25 22:24:30 +0000


Started GET "/assets/welcome.css?body=1" for 41.233.62.156 at 2015-02-25 22:24:30 +0000


Started GET "/assets/application.css?body=1" for 41.233.62.156 at 2015-02-25 22:24:30 +0000


Started GET "/assets/jquery_ujs.js?body=1" for 41.233.62.156 at 2015-02-25 22:24:30 +0000


Started GET "/assets/turbolinks.js?body=1" for 41.233.62.156 at 2015-02-25 22:24:30 +0000


Started GET "/assets/articles.js?body=1" for 41.233.62.156 at 2015-02-25 22:24:30 +0000


Started GET "/assets/comments.js?body=1" for 41.233.62.156 at 2015-02-25 22:24:30 +0000


Started GET "/assets/welcome.js?body=1" for 41.233.62.156 at 2015-02-25 22:24:30 +0000


Started GET "/assets/application.js?body=1" for 41.233.62.156 at 2015-02-25 22:24:30 +0000


Started GET "/assets/jquery.js?body=1" for 41.233.62.156 at 2015-02-25 22:24:30 +0000


Started GET "/team.html" for 41.233.62.156 at 2015-02-25 22:24:32 +0000
Processing by WelcomeController#team as HTML
  Rendered welcome/team.html within layouts/application (0.4ms)
Completed 200 OK in 97ms (Views: 96.2ms | ActiveRecord: 0.0ms)


Started GET "/team.css" for 41.233.62.156 at 2015-02-25 22:24:33 +0000
Processing by WelcomeController#team as CSS
  Rendered welcome/team.css (0.5ms)
Completed 200 OK in 6ms (Views: 5.0ms | ActiveRecord: 0.0ms)


Started GET "/nirvana" for 41.233.62.156 at 2015-02-25 22:24:35 +0000
Processing by WelcomeController#nirvana as HTML
  Rendered welcome/nirvana.html within layouts/application (0.7ms)
Completed 200 OK in 88ms (Views: 87.4ms | ActiveRecord: 0.0ms)


Started GET "/team" for 41.233.62.156 at 2015-02-25 22:24:37 +0000
Processing by WelcomeController#team as HTML
  Rendered welcome/team.html within layouts/application (0.6ms)
Completed 200 OK in 67ms (Views: 65.7ms | ActiveRecord: 0.0ms)


Started GET "/team.css" for 41.233.62.156 at 2015-02-25 22:24:37 +0000
Processing by WelcomeController#team as CSS
  Rendered welcome/team.css (0.1ms)
Completed 200 OK in 3ms (Views: 2.6ms | ActiveRecord: 0.0ms)
